Start testing: Jul 13 02:26 ???? (?W?€??)
----------------------------------------------------------
1/1 Testing: QtExceptionsTest
1/1 Test: QtExceptionsTest
Command: "C:/Users/Syple/Desktop/QtExceptions/build/test/QtExceptionsTest.exe"
Directory: C:/Users/Syple/Desktop/QtExceptions/build
"QtExceptionsTest" start time: Jul 13 02:26 ???? (?W?€??)
Output:
----------------------------------------------------------
********* Start testing of RunTimeErrorTest *********
Config: Using QtTest library 5.15.2, Qt 5.15.2 (x86_64-little_endian-llp64 shared (dynamic) release build; by GCC 8.1.0), windows 10
PASS   : RunTimeErrorTest::initTestCase()
PASS   : RunTimeErrorTest::raise_test()
PASS   : RunTimeErrorTest::clone_test()
PASS   : RunTimeErrorTest::what_test()
PASS   : RunTimeErrorTest::cleanupTestCase()
Totals: 5 passed, 0 failed, 0 skipped, 0 blacklisted, 1ms
********* Finished testing of RunTimeErrorTest *********
<end of output>
Test time =   0.01 sec
----------------------------------------------------------
Test Passed.
"QtExceptionsTest" end time: Jul 13 02:26 ???? (?W?€??)
"QtExceptionsTest" time elapsed: 00:00:00
----------------------------------------------------------

End testing: Jul 13 02:26 ???? (?W?€??)
